>------ 全部生成 已启动: 项目: TimeArtifacts，配置: x64-Debug ------
  [1/2] Building CXX object CMakeFiles\TimeArtifacts.dir\src\core\GameEngine.cpp.obj
  [2/2] Linking CXX executable bin\TimeArtifacts.exe
  FAILED: bin/TimeArtifacts.exe 
  C:\WINDOWS\system32\cmd.exe /C "cd . && "D:\Visual Studio\Common7\IDE\CommonExtensions\Microsoft\CMake\CMake\bin\cmake.exe" -E vs_link_exe --msvc-ver=1944 --intdir=CMakeFiles\TimeArtifacts.dir --rc=C:\WINDOW~1\10\bin\100261~1.0\x64\rc.exe --mt=C:\WINDOW~1\10\bin\100261~1.0\x64\mt.exe --manifests  -- D:\VISUAL~1\VC\Tools\MSVC\1444~1.352\bin\Hostx64\x64\link.exe /nologo CMakeFiles\TimeArtifacts.dir\src\core\APIHandler.cpp.obj CMakeFiles\TimeArtifacts.dir\src\core\EventManager.cpp.obj CMakeFiles\TimeArtifacts.dir\src\core\GameEngine.cpp.obj CMakeFiles\TimeArtifacts.dir\src\core\StateManager.cpp.obj CMakeFiles\TimeArtifacts.dir\src\core\WebSocketServer.cpp.obj CMakeFiles\TimeArtifacts.dir\src\main.cpp.obj  /out:bin\TimeArtifacts.exe /implib:TimeArtifacts.lib /pdb:bin\TimeArtifacts.pdb /version:0.0 /machine:x64 /debug /INCREMENTAL /subsystem:console  kernel32.lib user32.lib gdi32.lib winspool.lib shell32.lib ole32.lib oleaut32.lib uuid.lib comdlg32.lib advapi32.lib && C:\WINDOWS\system32\cmd.exe /C "cd /D D:\work\TimeArtifacts\backend\out\build\x64-Debug && "D:\Visual Studio\Common7\IDE\CommonExtensions\Microsoft\CMake\CMake\bin\cmake.exe" -E copy_directory D:/work/TimeArtifacts/backend/../shared/data D:/work/TimeArtifacts/backend/out/build/x64-Debug/bin/data""
  LINK Pass 1: command "D:\VISUAL~1\VC\Tools\MSVC\1444~1.352\bin\Hostx64\x64\link.exe /nologo CMakeFiles\TimeArtifacts.dir\src\core\APIHandler.cpp.obj CMakeFiles\TimeArtifacts.dir\src\core\EventManager.cpp.obj CMakeFiles\TimeArtifacts.dir\src\core\GameEngine.cpp.obj CMakeFiles\TimeArtifacts.dir\src\core\StateManager.cpp.obj CMakeFiles\TimeArtifacts.dir\src\core\WebSocketServer.cpp.obj CMakeFiles\TimeArtifacts.dir\src\main.cpp.obj /out:bin\TimeArtifacts.exe /implib:TimeArtifacts.lib /pdb:bin\TimeArtifacts.pdb /version:0.0 /machine:x64 /debug /INCREMENTAL /subsystem:console kernel32.lib user32.lib gdi32.lib winspool.lib shell32.lib ole32.lib oleaut32.lib uuid.lib comdlg32.lib advapi32.lib /MANIFEST /MANIFESTFILE:CMakeFiles\TimeArtifacts.dir/intermediate.manifest CMakeFiles\TimeArtifacts.dir/manifest.res" failed (exit code 1120) with the following output:
D:\work\TimeArtifacts\backend\out\build\x64-Debug\GameEngine.cpp.obj : error LNK2019: 无法解析的外部符号 "private: void __cdecl GameEngine::handleSystemEvents(void)" (?handleSystemEvents@GameEngine@@AEAAXXZ)，函数 "private: void __cdecl GameEngine::update(float)" (?update@GameEngine@@AEAAXM@Z) 中引用了该符号
  
D:\work\TimeArtifacts\backend\out\build\x64-Debug\bin\TimeArtifacts.exe : fatal error LNK1120: 1 个无法解析的外部命令
  
  ninja: build stopped: subcommand failed.

全部生成 失败。